<?xml version="1.0" encoding="UTF-8"?>
<testng-results skipped="0" failed="0" ignored="0" total="1" passed="1">
  <reporter-output>
  </reporter-output>
  <suite name="Default suite" duration-ms="13513" started-at="2020-06-08T13:16:42 IST" finished-at="2020-06-08T13:16:55 IST">
    <groups>
    </groups>
    <test name="Default test" duration-ms="13513" started-at="2020-06-08T13:16:42 IST" finished-at="2020-06-08T13:16:55 IST">
      <class name="Rest.Api.S">
        <test-method status="PASS" signature="test()[pri:0, instance:Rest.Api.S@26aa12dd]" name="test" duration-ms="13482" started-at="2020-06-08T13:16:42 IST" finished-at="2020-06-08T13:16:55 IST">
          <reporter-output>
          </reporter-output>
        </test-method> <!-- test -->
      </class> <!-- Rest.Api.S -->
    </test> <!-- Default test -->
  </suite> <!-- Default suite -->
</testng-results>
