<?xml version="1.0" encoding="UTF-8"?>
<testng-results skipped="0" failed="0" total="0" passed="0">
  <reporter-output>
  </reporter-output>
  <suite name="Rest.Api.AppTest" duration-ms="2" started-at="2020-06-08T08:09:32Z" finished-at="2020-06-08T08:09:32Z">
    <groups>
    </groups>
    <test name="Command line test" duration-ms="2" started-at="2020-06-08T08:09:32Z" finished-at="2020-06-08T08:09:32Z">
    </test> <!-- Command line test -->
  </suite> <!-- Rest.Api.AppTest -->
</testng-results>
